1558072447068	mozrunner::runner	INFO	Running command: "/usr/bin/firefox" "-marionette" "-foreground" "-no-remote" "-profile" "/tmp/rust_mozprofile.HOSfFLdJY4hj"
1558072451310	addons.webextension.screenshots@mozilla.org	WARN	Loading extension 'screenshots@mozilla.org': Reading manifest: Invalid extension permission: mozillaAddons
1558072451310	addons.webextension.screenshots@mozilla.org	WARN	Loading extension 'screenshots@mozilla.org': Reading manifest: Invalid extension permission: resource://pdf.js/
1558072451310	addons.webextension.screenshots@mozilla.org	WARN	Loading extension 'screenshots@mozilla.org': Reading manifest: Invalid extension permission: about:reader*
1558072456958	Marionette	INFO	Listening on port 43303
1558072457019	Marionette	WARN	TLS certificate errors will be ignored for this session
[Parent 28167, Gecko_IOThread] WARNING: pipe error (71): Connection reset by peer: file /build/firefox-kqTGhi/firefox-66.0.5+build1/ipc/chromium/src/chrome/common/ipc_channel_posix.cc, line 357
1558072508514	Marionette	INFO	Stopped listening on port 43303
JavaScript error: resource://gre/modules/osfile/osfile_async_front.jsm, line 404: Error: OS.File has been shut down. Rejecting post to stat
1558072711738	mozrunner::runner	INFO	Running command: "/usr/bin/firefox" "-marionette" "-foreground" "-no-remote" "-profile" "/tmp/rust_mozprofile.10hbRRXAhg6C"
1558072712092	addons.webextension.screenshots@mozilla.org	WARN	Loading extension 'screenshots@mozilla.org': Reading manifest: Invalid extension permission: mozillaAddons
1558072712092	addons.webextension.screenshots@mozilla.org	WARN	Loading extension 'screenshots@mozilla.org': Reading manifest: Invalid extension permission: resource://pdf.js/
1558072712093	addons.webextension.screenshots@mozilla.org	WARN	Loading extension 'screenshots@mozilla.org': Reading manifest: Invalid extension permission: about:reader*
1558072718610	Marionette	INFO	Listening on port 40933
1558072718665	Marionette	WARN	TLS certificate errors will be ignored for this session
[Parent 28803, Gecko_IOThread] WARNING: pipe error (78): Connection reset by peer: file /build/firefox-kqTGhi/firefox-66.0.5+build1/ipc/chromium/src/chrome/common/ipc_channel_posix.cc, line 357
[Parent 28803, Gecko_IOThread] WARNING: pipe error (60): Connection reset by peer: file /build/firefox-kqTGhi/firefox-66.0.5+build1/ipc/chromium/src/chrome/common/ipc_channel_posix.cc, line 357
1558072731856	Marionette	INFO	Stopped listening on port 40933
1558072774247	mozrunner::runner	INFO	Running command: "/usr/bin/firefox" "-marionette" "-foreground" "-no-remote" "-profile" "/tmp/rust_mozprofile.58E5Lg2JQ5aG"
1558072774582	addons.webextension.screenshots@mozilla.org	WARN	Loading extension 'screenshots@mozilla.org': Reading manifest: Invalid extension permission: mozillaAddons
1558072774583	addons.webextension.screenshots@mozilla.org	WARN	Loading extension 'screenshots@mozilla.org': Reading manifest: Invalid extension permission: resource://pdf.js/
1558072774583	addons.webextension.screenshots@mozilla.org	WARN	Loading extension 'screenshots@mozilla.org': Reading manifest: Invalid extension permission: about:reader*
1558072778904	Marionette	INFO	Listening on port 34969
1558072778997	Marionette	WARN	TLS certificate errors will be ignored for this session
JavaScript error: resource://devtools/client/jsonview/converter-observer.js, line 74: NS_ERROR_NOT_AVAILABLE: Component returned failure code: 0x80040111 (NS_ERROR_NOT_AVAILABLE) [nsIHttpChannel.contentType]
[Parent 29314, Gecko_IOThread] WARNING: pipe error (78): Connection reset by peer: file /build/firefox-kqTGhi/firefox-66.0.5+build1/ipc/chromium/src/chrome/common/ipc_channel_posix.cc, line 357
[Parent 29314, Gecko_IOThread] WARNING: pipe error (86): Connection reset by peer: file /build/firefox-kqTGhi/firefox-66.0.5+build1/ipc/chromium/src/chrome/common/ipc_channel_posix.cc, line 357
[Parent 29314, Gecko_IOThread] WARNING: pipe error (118): Connection reset by peer: file /build/firefox-kqTGhi/firefox-66.0.5+build1/ipc/chromium/src/chrome/common/ipc_channel_posix.cc, line 357
1558072809742	Marionette	INFO	Stopped listening on port 34969
